<?xml version="1.0" encoding="UTF-8"?>
<!-- Generated by org.testng.reporters.JUnitReportReporter -->
<testsuite hostname="CarlosVM" failures="0" tests="2" name="es.upo.cal.MyMathTest" time="0.009" errors="0" timestamp="2023-11-08T19:10:00 CET" skipped="0">
  <testcase classname="es.upo.cal.MyMathTest" name="testSumar" time="0.001"/>
  <testcase classname="es.upo.cal.MyMathTest" name="testRestar" time="0.008"/>
</testsuite> <!-- es.upo.cal.MyMathTest -->
